<?xml version="1.0" encoding="UTF-8"?>
<!-- Generated by org.testng.reporters.JUnitXMLReporter -->
<testsuite hostname="ramasesha-lt001" ignored="0" name="Test" tests="1" failures="1" timestamp="29 Jan 2019 22:47:22 GMT" time="8.779" errors="0">
  <testcase name="lauchBrowser" time="8.75" classname="testngangular.NewTest">
    <failure type="java.lang.NullPointerException">
      <![CDATA[java.lang.NullPointerException
	at elements.FindElementIdentifierUsingModel.findElement(FindElementIdentifierUsingModel.java:17)
	at elements.InputTextModel.setTextValue(InputTextModel.java:30)
	at testngangular.NewTest.lauchBrowser(NewTest.java:68)
... Removed 25 stack frames]]>
    </failure>
  </testcase> <!-- lauchBrowser -->
</testsuite> <!-- Test -->
